CBMC version 5.10 (cbmc-5.10) 64-bit x86_64 linux
Parsing examples/_cs_peterson.c
Converting
Type-checking _cs_peterson
Generating GOTO Program
Adding CPROVER library (x86_64)
Removal of function pointers and virtual functions
Generic Property Instrumentation
Running with 8 object bits, 24 offset bits (default)
Starting Bounded Model Checking
size of program expression: 915 steps
simple slicing removed 149 assignments
Generated 5 VCC(s), 5 remaining after simplification
Passing problem to propositional reduction
converting SSA
Running propositional reduction
Post-processing
Solving with MiniSAT 2.2.1 with simplifier
2034 variables, 5411 clauses
SAT checker: instance is UNSATISFIABLE
Runtime decision procedure: 0.0110799s
VERIFICATION SUCCESSFUL
